<?xml version="1.0" encoding="UTF-8" standalone="no"?>
<testsuite failures="1" name="cucumber.runtime.formatter.JUnitFormatter" skipped="3" tests="7" time="124.00123">
    <testcase classname="" name="Verify Create Teacher Functionality" time="17.913277">
        <system-out>
            <![CDATA[When User clicks on Teachers module.........................................passed
And User clicks on Add Teacher..............................................passed
And User enters "Dwight" in first name......................................passed
And User enters "Schrute" in last name......................................passed
And User enters "dwightschrute@dundermifflin.com" in email..................passed
And User enters "01/01/2000" in joining date................................passed
And User enters "6789" in password..........................................passed
And User enters "Business" in subject.......................................passed
And User enters "8475555678" in mobile number...............................passed
And User selects "Male" in gender...........................................passed
And User selects "English" in department....................................passed
And User enters "08/15/1980" in birth date..................................passed
And User enters "80000" in salary...........................................passed
And User selects "12" in batch..............................................passed
And User enters "Paper" in section..........................................passed
And User enters "Scranton, PA" in permanent address.........................passed
And User clicks on Submit button............................................passed
Then User should be able to see created teacher displayed in the UI.........passed
And Tester should be able to verify created teacher in the Database.........passed
]]>
        </system-out>
    </testcase>
    <testcase classname="" name="Verify Update Teacher functionality" time="36.577102">
        <system-out>
            <![CDATA[When User click on threedots button on Christian teacher....................passed
And User click on Edit button...............................................passed
And User edit "Macarena" in first name......................................passed
And User edit "John" in last name...........................................passed
And User edit "mcjo@xxx.com" in email.......................................passed
And User edit "01/01/2020" in joining date calendar.........................passed
And User edit "43212" in password...........................................passed
And User edit "HR" in subject...............................................passed
And User edit "0987654321" in mobile number.................................passed
And User edit "Female" in gender............................................passed
And User edit "Science" in department dropdown..............................passed
And User edit "01/01/2001" in birth date calendar...........................passed
And User edit "125 000" in salary...........................................passed
And User edit "2" in batch..................................................passed
And User edit "Auto" in section.............................................passed
And User edit "2ndAvenue" in present adress.................................passed
And User click Submit button................................................passed
Then User should see the edited profile displayed in the UI.................passed
And Tester should be able to veryfy the edited Teacher in DataBase..........passed
]]>
        </system-out>
    </testcase>
    <testcase classname="" name="Verify Delete Teacher Functionality" time="0.333585">
        <skipped>
            <![CDATA[When User clicks on drop down toggle........................................undefined
And User click on delete option.............................................undefined
Then User sees Delete Employee pop up.......................................undefined
And User clicks on delete option............................................undefined
Then User should not see the deleted teacher in the UI......................undefined
And Tester should not see the deleted teacher in the Database...............undefined
]]>
        </skipped>
    </testcase>
    <testcase classname="" name="Verify Delete Student functionality" time="0.313062">
        <skipped>
            <![CDATA[When User clicks on Student module..........................................undefined
And User clicks on Add Student..............................................undefined
And User enters "Hello" first name..........................................undefined
And User enters "World" last name...........................................undefined
And User enters "helloworld@gmail.com" email................................undefined
And User enters "<Joining Date>" joining date...............................undefined
And User enters "helloworld" password.......................................undefined
And User enters "java" subject..............................................undefined
And User enters "( 111 ) 111 - 1111" mobile number..........................undefined
And User selects "M" gender.................................................undefined
And User enters "111" admission no..........................................undefined
And User enters "<Birth Date>" birth date...................................undefined
And User enters "java" major................................................undefined
And User enters "1" batch...................................................undefined
And User enters "1" section.................................................undefined
And User enters "<Permanent Address>" permanent address.....................undefined
And User enters "<Company name>" company name...............................undefined
And User enters "<Title>" title.............................................undefined
And User enters "<Start date>" start date...................................undefined
And User enters "<City>" city...............................................undefined
And User enters "<Street>" street...........................................undefined
And User enters "<Zipcode>" zipcode.........................................undefined
And User enters "<State>" state.............................................undefined
Then User should be able to "<submit>" it...................................undefined
]]>
        </skipped>
    </testcase>
    <testcase classname="" name="Verify update student functionality" time="0.325444">
        <skipped>
            <![CDATA[When User clicks on student module..........................................undefined
And User clicks on All Students.............................................undefined
And User clicks on three dots of Chuck profile..............................undefined
And User clicks edit button in dropdown box.................................undefined
And User edits "Chuckienorris@.com" in email................................undefined
And User edits "5015015015"in mobile number.................................undefined
And User edits "03/01/1960" in birth date...................................undefined
And User clicks submit button...............................................undefined
Then User should be able to see edited student displayed in the UI..........undefined
And Tester should be able to verify edited student in Database..............undefined
]]>
        </skipped>
    </testcase>
    <testcase classname="" name="As a User I should able to create student" time="7.907264">
        <system-out>
            <![CDATA[When User click on Students module..........................................passed
And User click on Add student...............................................passed
And User enter "John" in first name.........................................passed
And User enter "Johnes" in last name........................................passed
And User enter "johnjohnes@gmail.com" in email..............................passed
And User enter "03/10/2018" in joining date.................................passed
And User enter "12345" in password..........................................passed
And User enter "tttt" in subject............................................passed
And User enter "312312777" in mobile number.................................passed
And User enter "male" in gender.............................................passed
And User enter "123" in admission No........................................passed
And User enter "12/12/1989" in birth date...................................passed
And User enter "fighter" in major...........................................passed
And User enter "1" in batch.................................................passed
And User enter "2" in section...............................................passed
And User enter "123 chicago street" present address.........................passed
And User enter "Jonh inc" compamy name......................................passed
And User enter "fighter" in title...........................................passed
And User enter "02/02/2020" start date......................................passed
And User enter "chicago" in city............................................passed
And User enter "1223 chicago street" in street..............................passed
And User enter "60659" in zipcode...........................................passed
And User enter "IL" in state................................................passed
Then User click to the Submit button........................................passed
Then User should be able to see created student displayed in the UI.........passed
And Tester should be able to verify created student in the Database.........passed
]]>
        </system-out>
    </testcase>
    <testcase classname="" name="Verifying Adding New Teacher Functionality" time="60.631496">
        <failure message="org.openqa.selenium.NoSuchElementException: no such element: Unable to locate element: {&quot;method&quot;:&quot;xpath&quot;,&quot;selector&quot;:&quot;//a[.='646']&quot;}&#10;  (Session info: chrome=80.0.3987.132)&#10;For documentation on this error, please visit: https://www.seleniumhq.org/exceptions/no_such_element.html&#10;Build info: version: '3.141.59', revision: 'e82be7d358', time: '2018-11-14T08:17:03'&#10;System info: host: 'MacBook-Pro.local', ip: '2601:246:0:5fa0:0:0:0:7%en0', os.name: 'Mac OS X', os.arch: 'x86_64', os.version: '10.14.5', java.version: '11.0.3'&#10;Driver info: org.openqa.selenium.chrome.ChromeDriver&#10;Capabilities {acceptInsecureCerts: false, browserName: chrome, browserVersion: 80.0.3987.132, chrome: {chromedriverVersion: 80.0.3987.106 (f68069574609..., userDataDir: /var/folders/wc/49yvv7391gb...}, goog:chromeOptions: {debuggerAddress: localhost:59085}, javascriptEnabled: true, networkConnectionEnabled: false, pageLoadStrategy: normal, platform: MAC, platformName: MAC, proxy: Proxy(), setWindowRect: true, strictFileInteractability: false, timeouts: {implicit: 0, pageLoad: 300000, script: 30000}, unhandledPromptBehavior: dismiss and notify}&#10;Session ID: e4c7725400657f851f9f923be328fb9a&#10;*** Element info: {Using=xpath, value=//a[.='646']}&#10;&#9;at java.base/jdk.internal.reflect.NativeConstructorAccessorImpl.newInstance0(Native Method)&#10;&#9;at java.base/jdk.internal.reflect.NativeConstructorAccessorImpl.newInstance(NativeConstructorAccessorImpl.java:62)&#10;&#9;at java.base/jdk.internal.reflect.DelegatingConstructorAccessorImpl.newInstance(DelegatingConstructorAccessorImpl.java:45)&#10;&#9;at java.base/java.lang.reflect.Constructor.newInstance(Constructor.java:490)&#10;&#9;at org.openqa.selenium.remote.http.W3CHttpResponseCodec.createException(W3CHttpResponseCodec.java:187)&#10;&#9;at org.openqa.selenium.remote.http.W3CHttpResponseCodec.decode(W3CHttpResponseCodec.java:122)&#10;&#9;at org.openqa.selenium.remote.http.W3CHttpResponseCodec.decode(W3CHttpResponseCodec.java:49)&#10;&#9;at org.openqa.selenium.remote.HttpCommandExecutor.execute(HttpCommandExecutor.java:158)&#10;&#9;at org.openqa.selenium.remote.service.DriverCommandExecutor.execute(DriverCommandExecutor.java:83)&#10;&#9;at org.openqa.selenium.remote.RemoteWebDriver.execute(RemoteWebDriver.java:552)&#10;&#9;at org.openqa.selenium.remote.RemoteWebDriver.findElement(RemoteWebDriver.java:323)&#10;&#9;at org.openqa.selenium.remote.RemoteWebDriver.findElementByXPath(RemoteWebDriver.java:428)&#10;&#9;at org.openqa.selenium.By$ByXPath.findElement(By.java:353)&#10;&#9;at org.openqa.selenium.remote.RemoteWebDriver.findElement(RemoteWebDriver.java:315)&#10;&#9;at org.openqa.selenium.support.pagefactory.DefaultElementLocator.findElement(DefaultElementLocator.java:69)&#10;&#9;at org.openqa.selenium.support.pagefactory.internal.LocatingElementHandler.invoke(LocatingElementHandler.java:38)&#10;&#9;at com.sun.proxy.$Proxy17.getText(Unknown Source)&#10;&#9;at step_definitions.Adding_Teacher_StepDefs.tester_should_be_able_to_verify_the_new_teacher_s_name_is_on_the_database(Adding_Teacher_StepDefs.java:175)&#10;&#9;at âœ½.Tester should be able to verify the new teacher's name is on the database(src/test/resources/features/studentTeacher.feature:202)&#10;">
            <![CDATA[When User clicks to Teacher Field...........................................passed
And User clicks to Add Teacher field........................................passed
And User types "Grace" in to first name field...............................passed
And User types "Kelly " in to last name field...............................passed
And User types  "gkell@gmail.com" in to email field.........................passed
And User types "3/2/2008" in to join date field.............................passed
And User types "123456" in to password field................................passed
And User types "World Wars" in to subject field.............................passed
And User types "123456778" in to mobile number field........................passed
And User selects "Female" from Gender dropdown..............................passed
And User selects "Social Studies" from Department dropdown..................passed
And User types "2/3/1980" in to Birth date field............................passed
And User types "0" in to Salary field.......................................passed
And User selects "12" in to batch field.....................................passed
And User types "3" in to section field......................................passed
And User types "123 Main St IL " in to permanent address field..............passed
And User clicks the submit button...........................................passed
Then User should be able to verify that her name is displayed in the teacher list.passed
And Tester should be able to verify the new teacher's name is on the database.failed

StackTrace:
org.openqa.selenium.NoSuchElementException: no such element: Unable to locate element: {"method":"xpath","selector":"//a[.='646']"}
  (Session info: chrome=80.0.3987.132)
For documentation on this error, please visit: https://www.seleniumhq.org/exceptions/no_such_element.html
Build info: version: '3.141.59', revision: 'e82be7d358', time: '2018-11-14T08:17:03'
System info: host: 'MacBook-Pro.local', ip: '2601:246:0:5fa0:0:0:0:7%en0', os.name: 'Mac OS X', os.arch: 'x86_64', os.version: '10.14.5', java.version: '11.0.3'
Driver info: org.openqa.selenium.chrome.ChromeDriver
Capabilities {acceptInsecureCerts: false, browserName: chrome, browserVersion: 80.0.3987.132, chrome: {chromedriverVersion: 80.0.3987.106 (f68069574609..., userDataDir: /var/folders/wc/49yvv7391gb...}, goog:chromeOptions: {debuggerAddress: localhost:59085}, javascriptEnabled: true, networkConnectionEnabled: false, pageLoadStrategy: normal, platform: MAC, platformName: MAC, proxy: Proxy(), setWindowRect: true, strictFileInteractability: false, timeouts: {implicit: 0, pageLoad: 300000, script: 30000}, unhandledPromptBehavior: dismiss and notify}
Session ID: e4c7725400657f851f9f923be328fb9a
*** Element info: {Using=xpath, value=//a[.='646']}
	at java.base/jdk.internal.reflect.NativeConstructorAccessorImpl.newInstance0(Native Method)
	at java.base/jdk.internal.reflect.NativeConstructorAccessorImpl.newInstance(NativeConstructorAccessorImpl.java:62)
	at java.base/jdk.internal.reflect.DelegatingConstructorAccessorImpl.newInstance(DelegatingConstructorAccessorImpl.java:45)
	at java.base/java.lang.reflect.Constructor.newInstance(Constructor.java:490)
	at org.openqa.selenium.remote.http.W3CHttpResponseCodec.createException(W3CHttpResponseCodec.java:187)
	at org.openqa.selenium.remote.http.W3CHttpResponseCodec.decode(W3CHttpResponseCodec.java:122)
	at org.openqa.selenium.remote.http.W3CHttpResponseCodec.decode(W3CHttpResponseCodec.java:49)
	at org.openqa.selenium.remote.HttpCommandExecutor.execute(HttpCommandExecutor.java:158)
	at org.openqa.selenium.remote.service.DriverCommandExecutor.execute(DriverCommandExecutor.java:83)
	at org.openqa.selenium.remote.RemoteWebDriver.execute(RemoteWebDriver.java:552)
	at org.openqa.selenium.remote.RemoteWebDriver.findElement(RemoteWebDriver.java:323)
	at org.openqa.selenium.remote.RemoteWebDriver.findElementByXPath(RemoteWebDriver.java:428)
	at org.openqa.selenium.By$ByXPath.findElement(By.java:353)
	at org.openqa.selenium.remote.RemoteWebDriver.findElement(RemoteWebDriver.java:315)
	at org.openqa.selenium.support.pagefactory.DefaultElementLocator.findElement(DefaultElementLocator.java:69)
	at org.openqa.selenium.support.pagefactory.internal.LocatingElementHandler.invoke(LocatingElementHandler.java:38)
	at com.sun.proxy.$Proxy17.getText(Unknown Source)
	at step_definitions.Adding_Teacher_StepDefs.tester_should_be_able_to_verify_the_new_teacher_s_name_is_on_the_database(Adding_Teacher_StepDefs.java:175)
	at âœ½.Tester should be able to verify the new teacher's name is on the database(src/test/resources/features/studentTeacher.feature:202)
]]>
        </failure>
    </testcase>
</testsuite>
